<?xml version="1.0" encoding="UTF-8"?>
<!-- Generated by org.testng.reporters.JUnitReportReporter -->
<testsuite hostname="DESKTOP-5NG62RA" failures="0" tests="1" name="login.LoginTC1" time="2.151" errors="0" timestamp="2025-03-10T12:30:38 IST" skipped="0">
  <testcase classname="login.LoginTC1" name="loginTestCase" time="2.151"/>
  <system-out/>
</testsuite> <!-- login.LoginTC1 -->
